<?xml version="1.0" encoding="UTF-8"?>
<testng-results skipped="0" failed="0" ignored="0" total="2" passed="2">
  <reporter-output>
  </reporter-output>
  <suite name="Default suite" duration-ms="61" started-at="2022-07-13T15:57:37 IST" finished-at="2022-07-13T15:57:38 IST">
    <groups>
    </groups>
    <test name="Default test" duration-ms="61" started-at="2022-07-13T15:57:37 IST" finished-at="2022-07-13T15:57:38 IST">
      <class name="dataprovider.DP1$DP">
        <test-method status="PASS" signature="myTest(java.lang.String)[pri:0, instance:dataprovider.DP1$DP@4b553d26]" name="myTest" duration-ms="9" started-at="2022-07-13T15:57:37 IST" data-provider="data-provider" finished-at="2022-07-13T15:57:38 IST">
          <params>
            <param index="0">
              <value>
                <![CDATA[First-Value:]]>
              </value>
            </param>
          </params>
          <reporter-output>
          </reporter-output>
        </test-method> <!-- myTest -->
        <test-method status="PASS" signature="myTest(java.lang.String)[pri:0, instance:dataprovider.DP1$DP@4b553d26]" name="myTest" duration-ms="5" started-at="2022-07-13T15:57:38 IST" data-provider="data-provider" finished-at="2022-07-13T15:57:38 IST">
          <params>
            <param index="0">
              <value>
                <![CDATA[Second-Value]]>
              </value>
            </param>
          </params>
          <reporter-output>
          </reporter-output>
        </test-method> <!-- myTest -->
      </class> <!-- dataprovider.DP1$DP -->
    </test> <!-- Default test -->
  </suite> <!-- Default suite -->
</testng-results>
